[38;5;112m[Appium][0m Welcome to Appium v3.1.0
[38;5;112m[Appium][0m Non-default server args:
[38;5;112m[Appium][0m { basePath: [32m'/wd/hub'[39m, loglevel: [32m'info'[39m, port: [33m55922[39m }
[38;5;112m[Appium][0m Attempting to load driver uiautomator2...
[38;5;112m[Appium][0m Appium REST http interface listener started on http://0.0.0.0:55922/wd/hub
[38;5;112m[Appium][0m You can provide the following URLs in your client code to connect to this server:
	http://172.22.216.225:55922/wd/hub
	http://127.0.0.1:55922/wd/hub (only accessible from the same host)
[38;5;112m[Appium][0m Available drivers:
[38;5;112m[Appium][0m   - uiautomator2@5.0.5 (automationName 'UiAutomator2')
[38;5;112m[Appium][0m No plugins have been installed. Use the "appium plugin" command to install the one(s) you want to use.
[38;5;86m[HTTP][0m [37m-->[39m [37mGET[39m [37m/wd/hub/status[39m [90m[39m
[38;5;86m[HTTP][0m [37m<-- GET /wd/hub/status [39m[32m200[39m [90m4 ms - 110[39m [90m[39m
[38;5;86m[HTTP][0m [37m-->[39m [37mGET[39m [37m/wd/hub/status[39m [90m[39m
[38;5;86m[HTTP][0m [37m<-- GET /wd/hub/status [39m[32m200[39m [90m1 ms - 110[39m [90m[39m
[38;5;86m[HTTP][0m [37m-->[39m [37mPOST[39m [37m/wd/hub/session[39m [90m{"capabilities":{"firstMatch":[{"appium:autoGrantPermissions":true,"appium:automationName":"uiautomator2","appium:deviceName":"emulator-5554 (sdk_gphone64_x86_64 - Android 16)","appium:newCommandTimeout":1800,"appium:platformVersion":"16","appium:systemPort":8223,"appium:udid":"emulator-5554","platformName":"ANDROID"}]},"desiredCapabilities":{"appium:autoGrantPermissions":true,"appium:automationName":"uiautomator2","appium:deviceName":"emulator-5554 (sdk_gphone64_x86_64 - Android 16)","appium:newCommandTimeout":1800,"appium:platformVersion":"16","appium:systemPort":8223,"appium:udid":"emulator-5554","platformName":"ANDROID"}}[39m
[38;5;123m[BaseDriver][0m The following arguments are not known and will be ignored: desiredCapabilities
[38;5;112m[Appium][0m Attempting to find matching driver for automationName 'uiautomator2' and platformName 'ANDROID'
[38;5;112m[Appium][0m The 'uiautomator2' driver was installed and matched caps.
[38;5;112m[Appium][0m Will require it at C:\Users\coimb\.appium\node_modules\appium-uiautomator2-driver
[38;5;209m[AppiumDriver@fe73][0m Appium v3.1.0 creating new AndroidUiautomator2Driver (v5.0.5) session
[38;5;209m[AppiumDriver@fe73][0m Checking BaseDriver versions for Appium and AndroidUiautomator2Driver
[38;5;209m[AppiumDriver@fe73][0m Appium's BaseDriver version is 10.1.0
[38;5;209m[AppiumDriver@fe73][0m AndroidUiautomator2Driver's BaseDriver version is 10.1.0
[38;5;103m[3e5fe973][0m[38;5;-178m[AndroidUiautomator2Driver@c61e][0m Session created with session id: 3e5fe973-d76f-4340-96dc-5a3a1396c0e0
[38;5;103m[3e5fe973][0m[38;5;229m[ADB][0m Found 1 'build-tools' folders under 'C:\Users\coimb\.katalon\tools\android_sdk' (newest first):
[38;5;103m[3e5fe973][0m[38;5;229m[ADB][0m     C:\Users\coimb\.katalon\tools\android_sdk\build-tools\29.0.3
[38;5;103m[3e5fe973][0m[38;5;229m[ADB][0m Using 'adb.exe' from 'C:\Users\coimb\.katalon\tools\android_sdk\platform-tools\adb.exe'
[38;5;103m[3e5fe973][0m[38;5;-178m[AndroidUiautomator2Driver@c61e][0m Retrieving device list
[38;5;103m[3e5fe973][0m[38;5;-178m[AndroidUiautomator2Driver@c61e][0m Using device: emulator-5554
[38;5;103m[3e5fe973][0m[38;5;229m[ADB][0m Using 'adb.exe' from 'C:\Users\coimb\.katalon\tools\android_sdk\platform-tools\adb.exe'
[38;5;103m[3e5fe973][0m[38;5;-178m[AndroidUiautomator2Driver@c61e][0m Neither 'app' nor 'appPackage' was set. Starting UiAutomator2 without the target application
[38;5;103m[3e5fe973][0m[38;5;229m[ADB][0m Getting device platform version
[38;5;103m[3e5fe973][0m[38;5;-178m[AndroidUiautomator2Driver@c61e][0m Relaxing hidden api policy
[38;5;103m[3e5fe973][0m[38;5;229m[ADB][0m Using 'aapt2.exe' from 'C:\Users\coimb\.katalon\tools\android_sdk\build-tools\29.0.3\aapt2.exe'
[38;5;103m[3e5fe973][0m[38;5;-178m[AndroidUiautomator2Driver@c61e][0m Server packages are not going to be (re)installed
[38;5;103m[3e5fe973][0m[38;5;229m[ADB][0m Adding packages ["io.appium.settings","io.appium.uiautomator2.server","io.appium.uiautomator2.server.test"] to Doze whitelist
[38;5;103m[3e5fe973][0m[38;5;-178m[AndroidUiautomator2Driver@c61e][0m Starting UIAutomator2 server 8.1.1
[38;5;103m[3e5fe973][0m[38;5;-178m[AndroidUiautomator2Driver@c61e][0m Using UIAutomator2 server from 'C:\Users\coimb\.appium\node_modules\appium-uiautomator2-driver\node_modules\appium-uiautomator2-server\apks\appium-uiautomator2-server-v8.1.1.apk' and test from 'C:\Users\coimb\.appium\node_modules\appium-uiautomator2-driver\node_modules\appium-uiautomator2-server\apks\appium-uiautomator2-server-debug-androidTest.apk'
[38;5;103m[3e5fe973][0m[38;5;-178m[AndroidUiautomator2Driver@c61e][0m Waiting up to 30000ms for UiAutomator2 to be online...
[38;5;103m[3e5fe973][0m[38;5;-178m[AndroidUiautomator2Driver@c61e][0m socket hang up
[38;5;103m[3e5fe973][0m[38;5;-178m[AndroidUiautomator2Driver@c61e][0m socket hang up
[38;5;103m[3e5fe973][0m[38;5;-178m[AndroidUiautomator2Driver@c61e][0m Determined the downstream protocol as 'W3C'
[38;5;103m[3e5fe973][0m[38;5;-178m[AndroidUiautomator2Driver@c61e][0m Screen already unlocked, doing nothing
[38;5;103m[3e5fe973][0m[38;5;209m[AppiumDriver@fe73][0m New AndroidUiautomator2Driver session created successfully, session 3e5fe973-d76f-4340-96dc-5a3a1396c0e0 added to master session list
[38;5;103m[3e5fe973][0m[38;5;86m[HTTP][0m [37m<-- POST /wd/hub/session [39m[32m200[39m [90m3623 ms - 1000[39m [90m[39m
[38;5;86m[HTTP][0m [37m-->[39m [37mGET[39m [37m/status[39m [90m[39m
[38;5;86m[HTTP][0m [37m<-- GET /status [39m[33m404[39m [90m7 ms - 3091[39m [90m[39m
[38;5;103m[3e5fe973][0m[38;5;86m[HTTP][0m [37m-->[39m [37mPOST[39m [37m/wd/hub/session/3e5fe973-d76f-4340-96dc-5a3a1396c0e0/timeouts[39m [90m{"implicit":60000}[39m
[38;5;103m[3e5fe973][0m[38;5;86m[HTTP][0m [37m<-- POST /wd/hub/session/3e5fe973-d76f-4340-96dc-5a3a1396c0e0/timeouts [39m[32m200[39m [90m2 ms - 14[39m [90m[39m
[38;5;103m[3e5fe973][0m[38;5;86m[HTTP][0m [37m-->[39m [37mPOST[39m [37m/wd/hub/session/3e5fe973-d76f-4340-96dc-5a3a1396c0e0/execute/sync[39m [90m{"args":[],"script":"mobile: getSystemBars"}[39m
[38;5;103m[3e5fe973][0m[38;5;86m[HTTP][0m [37m<-- POST /wd/hub/session/3e5fe973-d76f-4340-96dc-5a3a1396c0e0/execute/sync [39m[32m200[39m [90m79 ms - 150[39m [90m[39m
[38;5;103m[3e5fe973][0m[38;5;86m[HTTP][0m [37m-->[39m [37mPOST[39m [37m/wd/hub/session/3e5fe973-d76f-4340-96dc-5a3a1396c0e0/execute/sync[39m [90m{"args":[{"appId":"com.example.bisca","bundleId":"com.example.bisca"}],"script":"mobile: activateApp"}[39m
[38;5;103m[3e5fe973][0m[38;5;123m[BaseDriver][0m The following arguments are not known and will be ignored: bundleId
[38;5;103m[3e5fe973][0m[38;5;86m[HTTP][0m [37m<-- POST /wd/hub/session/3e5fe973-d76f-4340-96dc-5a3a1396c0e0/execute/sync [39m[32m200[39m [90m149 ms - 14[39m [90m[39m
[38;5;103m[3e5fe973][0m[38;5;86m[HTTP][0m [37m-->[39m [37mGET[39m [37m/wd/hub/session/3e5fe973-d76f-4340-96dc-5a3a1396c0e0/source[39m [90m{}[39m
[38;5;103m[3e5fe973][0m[38;5;-178m[AndroidUiautomator2Driver@c61e][0m Driver proxy active, passing request on via HTTP proxy
[38;5;103m[3e5fe973][0m[38;5;-178m[AndroidUiautomator2Driver@c61e][0m Replacing sessionId 612ffecd-10ed-4692-9694-46eaf4b9cc58 with 3e5fe973-d76f-4340-96dc-5a3a1396c0e0
[38;5;103m[3e5fe973][0m[38;5;86m[HTTP][0m [37m<-- GET /wd/hub/session/3e5fe973-d76f-4340-96dc-5a3a1396c0e0/source [39m[32m200[39m [90m203 ms - 14130[39m [90m[39m
[38;5;103m[3e5fe973][0m[38;5;86m[HTTP][0m [37m-->[39m [37mGET[39m [37m/wd/hub/session/3e5fe973-d76f-4340-96dc-5a3a1396c0e0/screenshot[39m [90m{}[39m
[38;5;103m[3e5fe973][0m[38;5;86m[HTTP][0m [37m<-- GET /wd/hub/session/3e5fe973-d76f-4340-96dc-5a3a1396c0e0/screenshot [39m[32m200[39m [90m620 ms - 174036[39m [90m[39m
[38;5;103m[3e5fe973][0m[38;5;86m[HTTP][0m [37m-->[39m [37mGET[39m [37m/wd/hub/session/3e5fe973-d76f-4340-96dc-5a3a1396c0e0/timeouts[39m [90m{}[39m
[38;5;103m[3e5fe973][0m[38;5;86m[HTTP][0m [37m<-- GET /wd/hub/session/3e5fe973-d76f-4340-96dc-5a3a1396c0e0/timeouts [39m[32m200[39m [90m1 ms - 46[39m [90m[39m
[38;5;103m[3e5fe973][0m[38;5;86m[HTTP][0m [37m-->[39m [37mPOST[39m [37m/wd/hub/session/3e5fe973-d76f-4340-96dc-5a3a1396c0e0/timeouts[39m [90m{"implicit":0}[39m
[38;5;103m[3e5fe973][0m[38;5;86m[HTTP][0m [37m<-- POST /wd/hub/session/3e5fe973-d76f-4340-96dc-5a3a1396c0e0/timeouts [39m[32m200[39m [90m1 ms - 14[39m [90m[39m
[38;5;103m[3e5fe973][0m[38;5;86m[HTTP][0m [37m-->[39m [37mPOST[39m [37m/wd/hub/session/3e5fe973-d76f-4340-96dc-5a3a1396c0e0/elements[39m [90m{"using":"xpath","value":"//*[@class = 'android.widget.Button' and (@text = 'Terminar Sessão' or . = 'Terminar Sessão') and @resource-id = 'com.example.bisca:id/btn_logout']"}[39m
[38;5;103m[3e5fe973][0m[38;5;86m[HTTP][0m [37m<-- POST /wd/hub/session/3e5fe973-d76f-4340-96dc-5a3a1396c0e0/elements [39m[32m200[39m [90m572 ms - 139[39m [90m[39m
[38;5;103m[3e5fe973][0m[38;5;86m[HTTP][0m [37m-->[39m [37mPOST[39m [37m/wd/hub/session/3e5fe973-d76f-4340-96dc-5a3a1396c0e0/timeouts[39m [90m{"implicit":60000}[39m
[38;5;103m[3e5fe973][0m[38;5;86m[HTTP][0m [37m<-- POST /wd/hub/session/3e5fe973-d76f-4340-96dc-5a3a1396c0e0/timeouts [39m[32m200[39m [90m1 ms - 14[39m [90m[39m
[38;5;103m[3e5fe973][0m[38;5;86m[HTTP][0m [37m-->[39m [37mPOST[39m [37m/wd/hub/session/3e5fe973-d76f-4340-96dc-5a3a1396c0e0/element/00000000-0000-010a-ffff-ffff00000049/click[39m [90m{"id":"00000000-0000-010a-ffff-ffff00000049"}[39m
[38;5;103m[3e5fe973][0m[38;5;86m[HTTP][0m [37m<-- POST /wd/hub/session/3e5fe973-d76f-4340-96dc-5a3a1396c0e0/element/00000000-0000-010a-ffff-ffff00000049/click [39m[32m200[39m [90m146 ms - 14[39m [90m[39m
[38;5;103m[3e5fe973][0m[38;5;86m[HTTP][0m [37m-->[39m [37mGET[39m [37m/wd/hub/session/3e5fe973-d76f-4340-96dc-5a3a1396c0e0/source[39m [90m{}[39m
[38;5;103m[3e5fe973][0m[38;5;-178m[AndroidUiautomator2Driver@c61e][0m Driver proxy active, passing request on via HTTP proxy
[38;5;103m[3e5fe973][0m[38;5;-178m[AndroidUiautomator2Driver@c61e][0m Replacing sessionId 612ffecd-10ed-4692-9694-46eaf4b9cc58 with 3e5fe973-d76f-4340-96dc-5a3a1396c0e0
[38;5;103m[3e5fe973][0m[38;5;86m[HTTP][0m [37m<-- GET /wd/hub/session/3e5fe973-d76f-4340-96dc-5a3a1396c0e0/source [39m[32m200[39m [90m1248 ms - 8520[39m [90m[39m
[38;5;103m[3e5fe973][0m[38;5;86m[HTTP][0m [37m-->[39m [37mGET[39m [37m/wd/hub/session/3e5fe973-d76f-4340-96dc-5a3a1396c0e0/screenshot[39m [90m{}[39m
[38;5;103m[3e5fe973][0m[38;5;86m[HTTP][0m [37m<-- GET /wd/hub/session/3e5fe973-d76f-4340-96dc-5a3a1396c0e0/screenshot [39m[32m200[39m [90m443 ms - 89320[39m [90m[39m
[38;5;103m[3e5fe973][0m[38;5;86m[HTTP][0m [37m-->[39m [37mGET[39m [37m/wd/hub/session/3e5fe973-d76f-4340-96dc-5a3a1396c0e0/timeouts[39m [90m{}[39m
[38;5;103m[3e5fe973][0m[38;5;86m[HTTP][0m [37m<-- GET /wd/hub/session/3e5fe973-d76f-4340-96dc-5a3a1396c0e0/timeouts [39m[32m200[39m [90m1 ms - 46[39m [90m[39m
[38;5;103m[3e5fe973][0m[38;5;86m[HTTP][0m [37m-->[39m [37mPOST[39m [37m/wd/hub/session/3e5fe973-d76f-4340-96dc-5a3a1396c0e0/timeouts[39m [90m{"implicit":0}[39m
[38;5;103m[3e5fe973][0m[38;5;86m[HTTP][0m [37m<-- POST /wd/hub/session/3e5fe973-d76f-4340-96dc-5a3a1396c0e0/timeouts [39m[32m200[39m [90m1 ms - 14[39m [90m[39m
[38;5;103m[3e5fe973][0m[38;5;86m[HTTP][0m [37m-->[39m [37mPOST[39m [37m/wd/hub/session/3e5fe973-d76f-4340-96dc-5a3a1396c0e0/elements[39m [90m{"using":"xpath","value":"//*[@class = 'android.widget.Button' and (@text = 'Fazer Login' or . = 'Fazer Login') and @resource-id = 'com.example.bisca:id/buttonLogin']"}[39m
[38;5;103m[3e5fe973][0m[38;5;86m[HTTP][0m [37m<-- POST /wd/hub/session/3e5fe973-d76f-4340-96dc-5a3a1396c0e0/elements [39m[32m200[39m [90m69 ms - 139[39m [90m[39m
[38;5;103m[3e5fe973][0m[38;5;86m[HTTP][0m [37m-->[39m [37mPOST[39m [37m/wd/hub/session/3e5fe973-d76f-4340-96dc-5a3a1396c0e0/timeouts[39m [90m{"implicit":60000}[39m
[38;5;103m[3e5fe973][0m[38;5;86m[HTTP][0m [37m<-- POST /wd/hub/session/3e5fe973-d76f-4340-96dc-5a3a1396c0e0/timeouts [39m[32m200[39m [90m1 ms - 14[39m [90m[39m
[38;5;103m[3e5fe973][0m[38;5;86m[HTTP][0m [37m-->[39m [37mPOST[39m [37m/wd/hub/session/3e5fe973-d76f-4340-96dc-5a3a1396c0e0/element/00000000-0000-0111-ffff-ffff00000055/click[39m [90m{"id":"00000000-0000-0111-ffff-ffff00000055"}[39m
[38;5;103m[3e5fe973][0m[38;5;86m[HTTP][0m [37m<-- POST /wd/hub/session/3e5fe973-d76f-4340-96dc-5a3a1396c0e0/element/00000000-0000-0111-ffff-ffff00000055/click [39m[32m200[39m [90m204 ms - 14[39m [90m[39m
[38;5;103m[3e5fe973][0m[38;5;86m[HTTP][0m [37m-->[39m [37mGET[39m [37m/wd/hub/session/3e5fe973-d76f-4340-96dc-5a3a1396c0e0/source[39m [90m{}[39m
[38;5;103m[3e5fe973][0m[38;5;-178m[AndroidUiautomator2Driver@c61e][0m Driver proxy active, passing request on via HTTP proxy
[38;5;103m[3e5fe973][0m[38;5;-178m[AndroidUiautomator2Driver@c61e][0m Replacing sessionId 612ffecd-10ed-4692-9694-46eaf4b9cc58 with 3e5fe973-d76f-4340-96dc-5a3a1396c0e0
[38;5;103m[3e5fe973][0m[38;5;86m[HTTP][0m [37m<-- GET /wd/hub/session/3e5fe973-d76f-4340-96dc-5a3a1396c0e0/source [39m[32m200[39m [90m1123 ms - 7213[39m [90m[39m
[38;5;103m[3e5fe973][0m[38;5;86m[HTTP][0m [37m-->[39m [37mGET[39m [37m/wd/hub/session/3e5fe973-d76f-4340-96dc-5a3a1396c0e0/screenshot[39m [90m{}[39m
[38;5;103m[3e5fe973][0m[38;5;86m[HTTP][0m [37m<-- GET /wd/hub/session/3e5fe973-d76f-4340-96dc-5a3a1396c0e0/screenshot [39m[32m200[39m [90m390 ms - 51504[39m [90m[39m
[38;5;103m[3e5fe973][0m[38;5;86m[HTTP][0m [37m-->[39m [37mGET[39m [37m/wd/hub/session/3e5fe973-d76f-4340-96dc-5a3a1396c0e0/timeouts[39m [90m{}[39m
[38;5;103m[3e5fe973][0m[38;5;86m[HTTP][0m [37m<-- GET /wd/hub/session/3e5fe973-d76f-4340-96dc-5a3a1396c0e0/timeouts [39m[32m200[39m [90m1 ms - 46[39m [90m[39m
[38;5;103m[3e5fe973][0m[38;5;86m[HTTP][0m [37m-->[39m [37mPOST[39m [37m/wd/hub/session/3e5fe973-d76f-4340-96dc-5a3a1396c0e0/timeouts[39m [90m{"implicit":0}[39m
[38;5;103m[3e5fe973][0m[38;5;86m[HTTP][0m [37m<-- POST /wd/hub/session/3e5fe973-d76f-4340-96dc-5a3a1396c0e0/timeouts [39m[32m200[39m [90m1 ms - 14[39m [90m[39m
[38;5;103m[3e5fe973][0m[38;5;86m[HTTP][0m [37m-->[39m [37mPOST[39m [37m/wd/hub/session/3e5fe973-d76f-4340-96dc-5a3a1396c0e0/elements[39m [90m{"using":"xpath","value":"//*[@class = 'android.widget.EditText' and (@text = 'Email' or . = 'Email') and @resource-id = 'com.example.bisca:id/et_email']"}[39m
[38;5;103m[3e5fe973][0m[38;5;86m[HTTP][0m [37m<-- POST /wd/hub/session/3e5fe973-d76f-4340-96dc-5a3a1396c0e0/elements [39m[32m200[39m [90m48 ms - 139[39m [90m[39m
[38;5;103m[3e5fe973][0m[38;5;86m[HTTP][0m [37m-->[39m [37mPOST[39m [37m/wd/hub/session/3e5fe973-d76f-4340-96dc-5a3a1396c0e0/timeouts[39m [90m{"implicit":60000}[39m
[38;5;103m[3e5fe973][0m[38;5;86m[HTTP][0m [37m<-- POST /wd/hub/session/3e5fe973-d76f-4340-96dc-5a3a1396c0e0/timeouts [39m[32m200[39m [90m1 ms - 14[39m [90m[39m
[38;5;103m[3e5fe973][0m[38;5;86m[HTTP][0m [37m-->[39m [37mPOST[39m [37m/wd/hub/session/3e5fe973-d76f-4340-96dc-5a3a1396c0e0/element/00000000-0000-0112-ffff-ffff00000061/clear[39m [90m{"id":"00000000-0000-0112-ffff-ffff00000061"}[39m
[38;5;103m[3e5fe973][0m[38;5;86m[HTTP][0m [37m<-- POST /wd/hub/session/3e5fe973-d76f-4340-96dc-5a3a1396c0e0/element/00000000-0000-0112-ffff-ffff00000061/clear [39m[32m200[39m [90m45 ms - 14[39m [90m[39m
[38;5;103m[3e5fe973][0m[38;5;86m[HTTP][0m [37m-->[39m [37mPOST[39m [37m/wd/hub/session/3e5fe973-d76f-4340-96dc-5a3a1396c0e0/element/00000000-0000-0112-ffff-ffff00000061/click[39m [90m{"id":"00000000-0000-0112-ffff-ffff00000061"}[39m
[38;5;103m[3e5fe973][0m[38;5;86m[HTTP][0m [37m<-- POST /wd/hub/session/3e5fe973-d76f-4340-96dc-5a3a1396c0e0/element/00000000-0000-0112-ffff-ffff00000061/click [39m[32m200[39m [90m1040 ms - 14[39m [90m[39m
[38;5;103m[3e5fe973][0m[38;5;86m[HTTP][0m [37m-->[39m [37mPOST[39m [37m/wd/hub/session/3e5fe973-d76f-4340-96dc-5a3a1396c0e0/element/00000000-0000-0112-ffff-ffff00000061/value[39m [90m{"id":"00000000-0000-0112-ffff-ffff00000061","value":["e","x","e","m","p","l","o","@","m","a","i","l",".","p","t"],"text":"exemplo@mail.pt"}[39m
[38;5;103m[3e5fe973][0m[38;5;123m[BaseDriver][0m The following arguments are not known and will be ignored: value
[38;5;103m[3e5fe973][0m[38;5;86m[HTTP][0m [37m<-- POST /wd/hub/session/3e5fe973-d76f-4340-96dc-5a3a1396c0e0/element/00000000-0000-0112-ffff-ffff00000061/value [39m[32m200[39m [90m1382 ms - 14[39m [90m[39m
[38;5;103m[3e5fe973][0m[38;5;86m[HTTP][0m [37m-->[39m [37mGET[39m [37m/wd/hub/session/3e5fe973-d76f-4340-96dc-5a3a1396c0e0/source[39m [90m{}[39m
[38;5;103m[3e5fe973][0m[38;5;-178m[AndroidUiautomator2Driver@c61e][0m Driver proxy active, passing request on via HTTP proxy
[38;5;103m[3e5fe973][0m[38;5;-178m[AndroidUiautomator2Driver@c61e][0m Replacing sessionId 612ffecd-10ed-4692-9694-46eaf4b9cc58 with 3e5fe973-d76f-4340-96dc-5a3a1396c0e0
[38;5;103m[3e5fe973][0m[38;5;86m[HTTP][0m [37m<-- GET /wd/hub/session/3e5fe973-d76f-4340-96dc-5a3a1396c0e0/source [39m[32m200[39m [90m319 ms - 7223[39m [90m[39m
[38;5;103m[3e5fe973][0m[38;5;86m[HTTP][0m [37m-->[39m [37mGET[39m [37m/wd/hub/session/3e5fe973-d76f-4340-96dc-5a3a1396c0e0/screenshot[39m [90m{}[39m
[38;5;103m[3e5fe973][0m[38;5;86m[HTTP][0m [37m<-- GET /wd/hub/session/3e5fe973-d76f-4340-96dc-5a3a1396c0e0/screenshot [39m[32m200[39m [90m521 ms - 117864[39m [90m[39m
[38;5;103m[3e5fe973][0m[38;5;86m[HTTP][0m [37m-->[39m [37mGET[39m [37m/wd/hub/session/3e5fe973-d76f-4340-96dc-5a3a1396c0e0/timeouts[39m [90m{}[39m
[38;5;103m[3e5fe973][0m[38;5;86m[HTTP][0m [37m<-- GET /wd/hub/session/3e5fe973-d76f-4340-96dc-5a3a1396c0e0/timeouts [39m[32m200[39m [90m1 ms - 46[39m [90m[39m
[38;5;103m[3e5fe973][0m[38;5;86m[HTTP][0m [37m-->[39m [37mPOST[39m [37m/wd/hub/session/3e5fe973-d76f-4340-96dc-5a3a1396c0e0/timeouts[39m [90m{"implicit":0}[39m
[38;5;103m[3e5fe973][0m[38;5;86m[HTTP][0m [37m<-- POST /wd/hub/session/3e5fe973-d76f-4340-96dc-5a3a1396c0e0/timeouts [39m[32m200[39m [90m1 ms - 14[39m [90m[39m
[38;5;103m[3e5fe973][0m[38;5;86m[HTTP][0m [37m-->[39m [37mPOST[39m [37m/wd/hub/session/3e5fe973-d76f-4340-96dc-5a3a1396c0e0/elements[39m [90m{"using":"xpath","value":"//*[@class = 'android.widget.EditText' and (@text = 'Password' or . = 'Password') and @resource-id = 'com.example.bisca:id/et_password']"}[39m
[38;5;103m[3e5fe973][0m[38;5;86m[HTTP][0m [37m<-- POST /wd/hub/session/3e5fe973-d76f-4340-96dc-5a3a1396c0e0/elements [39m[32m200[39m [90m78 ms - 139[39m [90m[39m
[38;5;103m[3e5fe973][0m[38;5;86m[HTTP][0m [37m-->[39m [37mPOST[39m [37m/wd/hub/session/3e5fe973-d76f-4340-96dc-5a3a1396c0e0/timeouts[39m [90m{"implicit":60000}[39m
[38;5;103m[3e5fe973][0m[38;5;86m[HTTP][0m [37m<-- POST /wd/hub/session/3e5fe973-d76f-4340-96dc-5a3a1396c0e0/timeouts [39m[32m200[39m [90m1 ms - 14[39m [90m[39m
[38;5;103m[3e5fe973][0m[38;5;86m[HTTP][0m [37m-->[39m [37mPOST[39m [37m/wd/hub/session/3e5fe973-d76f-4340-96dc-5a3a1396c0e0/element/00000000-0000-0112-ffff-ffff00000062/clear[39m [90m{"id":"00000000-0000-0112-ffff-ffff00000062"}[39m
[38;5;103m[3e5fe973][0m[38;5;86m[HTTP][0m [37m<-- POST /wd/hub/session/3e5fe973-d76f-4340-96dc-5a3a1396c0e0/element/00000000-0000-0112-ffff-ffff00000062/clear [39m[32m200[39m [90m28 ms - 14[39m [90m[39m
[38;5;103m[3e5fe973][0m[38;5;86m[HTTP][0m [37m-->[39m [37mPOST[39m [37m/wd/hub/session/3e5fe973-d76f-4340-96dc-5a3a1396c0e0/element/00000000-0000-0112-ffff-ffff00000062/click[39m [90m{"id":"00000000-0000-0112-ffff-ffff00000062"}[39m
[38;5;103m[3e5fe973][0m[38;5;86m[HTTP][0m [37m<-- POST /wd/hub/session/3e5fe973-d76f-4340-96dc-5a3a1396c0e0/element/00000000-0000-0112-ffff-ffff00000062/click [39m[32m200[39m [90m1369 ms - 14[39m [90m[39m
[38;5;103m[3e5fe973][0m[38;5;86m[HTTP][0m [37m-->[39m [37mPOST[39m [37m/wd/hub/session/3e5fe973-d76f-4340-96dc-5a3a1396c0e0/element/00000000-0000-0112-ffff-ffff00000062/value[39m [90m{"id":"00000000-0000-0112-ffff-ffff00000062","value":["e","x","e","m","p","l","o"],"text":"exemplo"}[39m
[38;5;103m[3e5fe973][0m[38;5;123m[BaseDriver][0m The following arguments are not known and will be ignored: value
[38;5;103m[3e5fe973][0m[38;5;86m[HTTP][0m [37m<-- POST /wd/hub/session/3e5fe973-d76f-4340-96dc-5a3a1396c0e0/element/00000000-0000-0112-ffff-ffff00000062/value [39m[32m200[39m [90m754 ms - 14[39m [90m[39m
[38;5;103m[3e5fe973][0m[38;5;86m[HTTP][0m [37m-->[39m [37mGET[39m [37m/wd/hub/session/3e5fe973-d76f-4340-96dc-5a3a1396c0e0/source[39m [90m{}[39m
[38;5;103m[3e5fe973][0m[38;5;-178m[AndroidUiautomator2Driver@c61e][0m Driver proxy active, passing request on via HTTP proxy
[38;5;103m[3e5fe973][0m[38;5;-178m[AndroidUiautomator2Driver@c61e][0m Replacing sessionId 612ffecd-10ed-4692-9694-46eaf4b9cc58 with 3e5fe973-d76f-4340-96dc-5a3a1396c0e0
[38;5;103m[3e5fe973][0m[38;5;86m[HTTP][0m [37m<-- GET /wd/hub/session/3e5fe973-d76f-4340-96dc-5a3a1396c0e0/source [39m[32m200[39m [90m159 ms - 7237[39m [90m[39m
[38;5;103m[3e5fe973][0m[38;5;86m[HTTP][0m [37m-->[39m [37mGET[39m [37m/wd/hub/session/3e5fe973-d76f-4340-96dc-5a3a1396c0e0/screenshot[39m [90m{}[39m
[38;5;103m[3e5fe973][0m[38;5;86m[HTTP][0m [37m<-- GET /wd/hub/session/3e5fe973-d76f-4340-96dc-5a3a1396c0e0/screenshot [39m[32m200[39m [90m418 ms - 70720[39m [90m[39m
[38;5;103m[3e5fe973][0m[38;5;86m[HTTP][0m [37m-->[39m [37mGET[39m [37m/wd/hub/session/3e5fe973-d76f-4340-96dc-5a3a1396c0e0/timeouts[39m [90m{}[39m
[38;5;103m[3e5fe973][0m[38;5;86m[HTTP][0m [37m<-- GET /wd/hub/session/3e5fe973-d76f-4340-96dc-5a3a1396c0e0/timeouts [39m[32m200[39m [90m1 ms - 46[39m [90m[39m
[38;5;103m[3e5fe973][0m[38;5;86m[HTTP][0m [37m-->[39m [37mPOST[39m [37m/wd/hub/session/3e5fe973-d76f-4340-96dc-5a3a1396c0e0/timeouts[39m [90m{"implicit":0}[39m
[38;5;103m[3e5fe973][0m[38;5;86m[HTTP][0m [37m<-- POST /wd/hub/session/3e5fe973-d76f-4340-96dc-5a3a1396c0e0/timeouts [39m[32m200[39m [90m1 ms - 14[39m [90m[39m
[38;5;103m[3e5fe973][0m[38;5;86m[HTTP][0m [37m-->[39m [37mPOST[39m [37m/wd/hub/session/3e5fe973-d76f-4340-96dc-5a3a1396c0e0/elements[39m [90m{"using":"xpath","value":"//*[@class = 'android.widget.Button' and (@text = 'Entrar' or . = 'Entrar') and @resource-id = 'com.example.bisca:id/btn_submit_login']"}[39m
[38;5;103m[3e5fe973][0m[38;5;86m[HTTP][0m [37m<-- POST /wd/hub/session/3e5fe973-d76f-4340-96dc-5a3a1396c0e0/elements [39m[32m200[39m [90m61 ms - 139[39m [90m[39m
[38;5;103m[3e5fe973][0m[38;5;86m[HTTP][0m [37m-->[39m [37mPOST[39m [37m/wd/hub/session/3e5fe973-d76f-4340-96dc-5a3a1396c0e0/timeouts[39m [90m{"implicit":60000}[39m
[38;5;103m[3e5fe973][0m[38;5;86m[HTTP][0m [37m<-- POST /wd/hub/session/3e5fe973-d76f-4340-96dc-5a3a1396c0e0/timeouts [39m[32m200[39m [90m1 ms - 14[39m [90m[39m
[38;5;103m[3e5fe973][0m[38;5;86m[HTTP][0m [37m-->[39m [37mPOST[39m [37m/wd/hub/session/3e5fe973-d76f-4340-96dc-5a3a1396c0e0/element/00000000-0000-0112-ffff-ffff00000063/click[39m [90m{"id":"00000000-0000-0112-ffff-ffff00000063"}[39m
[38;5;103m[3e5fe973][0m[38;5;86m[HTTP][0m [37m<-- POST /wd/hub/session/3e5fe973-d76f-4340-96dc-5a3a1396c0e0/element/00000000-0000-0112-ffff-ffff00000063/click [39m[32m200[39m [90m1121 ms - 14[39m [90m[39m
[38;5;103m[3e5fe973][0m[38;5;86m[HTTP][0m [37m-->[39m [37mGET[39m [37m/wd/hub/session/3e5fe973-d76f-4340-96dc-5a3a1396c0e0/source[39m [90m{}[39m
[38;5;103m[3e5fe973][0m[38;5;-178m[AndroidUiautomator2Driver@c61e][0m Driver proxy active, passing request on via HTTP proxy
[38;5;103m[3e5fe973][0m[38;5;-178m[AndroidUiautomator2Driver@c61e][0m Replacing sessionId 612ffecd-10ed-4692-9694-46eaf4b9cc58 with 3e5fe973-d76f-4340-96dc-5a3a1396c0e0
[38;5;103m[3e5fe973][0m[38;5;86m[HTTP][0m [37m<-- GET /wd/hub/session/3e5fe973-d76f-4340-96dc-5a3a1396c0e0/source [39m[32m200[39m [90m70 ms - 7534[39m [90m[39m
[38;5;103m[3e5fe973][0m[38;5;86m[HTTP][0m [37m-->[39m [37mGET[39m [37m/wd/hub/session/3e5fe973-d76f-4340-96dc-5a3a1396c0e0/screenshot[39m [90m{}[39m
[38;5;103m[3e5fe973][0m[38;5;86m[HTTP][0m [37m<-- GET /wd/hub/session/3e5fe973-d76f-4340-96dc-5a3a1396c0e0/screenshot [39m[32m200[39m [90m423 ms - 92400[39m [90m[39m
[38;5;103m[3e5fe973][0m[38;5;86m[HTTP][0m [37m-->[39m [37mGET[39m [37m/wd/hub/session/3e5fe973-d76f-4340-96dc-5a3a1396c0e0/source[39m [90m{}[39m
[38;5;103m[3e5fe973][0m[38;5;-178m[AndroidUiautomator2Driver@c61e][0m Driver proxy active, passing request on via HTTP proxy
[38;5;103m[3e5fe973][0m[38;5;-178m[AndroidUiautomator2Driver@c61e][0m Replacing sessionId 612ffecd-10ed-4692-9694-46eaf4b9cc58 with 3e5fe973-d76f-4340-96dc-5a3a1396c0e0
[38;5;103m[3e5fe973][0m[38;5;86m[HTTP][0m [37m<-- GET /wd/hub/session/3e5fe973-d76f-4340-96dc-5a3a1396c0e0/source [39m[32m200[39m [90m44 ms - 7237[39m [90m[39m
[38;5;103m[3e5fe973][0m[38;5;86m[HTTP][0m [37m-->[39m [37mGET[39m [37m/wd/hub/session/3e5fe973-d76f-4340-96dc-5a3a1396c0e0/screenshot[39m [90m{}[39m
[38;5;103m[3e5fe973][0m[38;5;86m[HTTP][0m [37m<-- GET /wd/hub/session/3e5fe973-d76f-4340-96dc-5a3a1396c0e0/screenshot [39m[32m200[39m [90m426 ms - 70736[39m [90m[39m
[38;5;103m[3e5fe973][0m[38;5;86m[HTTP][0m [37m-->[39m [37mGET[39m [37m/wd/hub/session/3e5fe973-d76f-4340-96dc-5a3a1396c0e0/timeouts[39m [90m{}[39m
[38;5;103m[3e5fe973][0m[38;5;86m[HTTP][0m [37m<-- GET /wd/hub/session/3e5fe973-d76f-4340-96dc-5a3a1396c0e0/timeouts [39m[32m200[39m [90m1 ms - 46[39m [90m[39m
[38;5;103m[3e5fe973][0m[38;5;86m[HTTP][0m [37m-->[39m [37mPOST[39m [37m/wd/hub/session/3e5fe973-d76f-4340-96dc-5a3a1396c0e0/timeouts[39m [90m{"implicit":0}[39m
[38;5;103m[3e5fe973][0m[38;5;86m[HTTP][0m [37m<-- POST /wd/hub/session/3e5fe973-d76f-4340-96dc-5a3a1396c0e0/timeouts [39m[32m200[39m [90m1 ms - 14[39m [90m[39m
[38;5;103m[3e5fe973][0m[38;5;86m[HTTP][0m [37m-->[39m [37mPOST[39m [37m/wd/hub/session/3e5fe973-d76f-4340-96dc-5a3a1396c0e0/elements[39m [90m{"using":"xpath","value":"//*[@class = 'android.widget.Button' and (@text = 'Entrar' or . = 'Entrar') and @resource-id = 'com.example.bisca:id/btn_submit_login']"}[39m
[38;5;103m[3e5fe973][0m[38;5;86m[HTTP][0m [37m<-- POST /wd/hub/session/3e5fe973-d76f-4340-96dc-5a3a1396c0e0/elements [39m[32m200[39m [90m69 ms - 139[39m [90m[39m
[38;5;103m[3e5fe973][0m[38;5;86m[HTTP][0m [37m-->[39m [37mPOST[39m [37m/wd/hub/session/3e5fe973-d76f-4340-96dc-5a3a1396c0e0/timeouts[39m [90m{"implicit":60000}[39m
[38;5;103m[3e5fe973][0m[38;5;86m[HTTP][0m [37m<-- POST /wd/hub/session/3e5fe973-d76f-4340-96dc-5a3a1396c0e0/timeouts [39m[32m200[39m [90m1 ms - 14[39m [90m[39m
[38;5;103m[3e5fe973][0m[38;5;86m[HTTP][0m [37m-->[39m [37mPOST[39m [37m/wd/hub/session/3e5fe973-d76f-4340-96dc-5a3a1396c0e0/element/00000000-0000-0112-ffff-ffff00000063/click[39m [90m{"id":"00000000-0000-0112-ffff-ffff00000063"}[39m
[38;5;103m[3e5fe973][0m[38;5;86m[HTTP][0m [37m<-- POST /wd/hub/session/3e5fe973-d76f-4340-96dc-5a3a1396c0e0/element/00000000-0000-0112-ffff-ffff00000063/click [39m[32m200[39m [90m125 ms - 14[39m [90m[39m
[38;5;103m[3e5fe973][0m[38;5;86m[HTTP][0m [37m-->[39m [37mGET[39m [37m/wd/hub/session/3e5fe973-d76f-4340-96dc-5a3a1396c0e0/source[39m [90m{}[39m
[38;5;103m[3e5fe973][0m[38;5;-178m[AndroidUiautomator2Driver@c61e][0m Driver proxy active, passing request on via HTTP proxy
[38;5;103m[3e5fe973][0m[38;5;-178m[AndroidUiautomator2Driver@c61e][0m Replacing sessionId 612ffecd-10ed-4692-9694-46eaf4b9cc58 with 3e5fe973-d76f-4340-96dc-5a3a1396c0e0
[38;5;103m[3e5fe973][0m[38;5;86m[HTTP][0m [37m<-- GET /wd/hub/session/3e5fe973-d76f-4340-96dc-5a3a1396c0e0/source [39m[32m200[39m [90m371 ms - 7534[39m [90m[39m
[38;5;103m[3e5fe973][0m[38;5;86m[HTTP][0m [37m-->[39m [37mGET[39m [37m/wd/hub/session/3e5fe973-d76f-4340-96dc-5a3a1396c0e0/screenshot[39m [90m{}[39m
[38;5;103m[3e5fe973][0m[38;5;86m[HTTP][0m [37m<-- GET /wd/hub/session/3e5fe973-d76f-4340-96dc-5a3a1396c0e0/screenshot [39m[32m200[39m [90m473 ms - 91792[39m [90m[39m
[38;5;103m[3e5fe973][0m[38;5;86m[HTTP][0m [37m-->[39m [37mGET[39m [37m/wd/hub/session/3e5fe973-d76f-4340-96dc-5a3a1396c0e0/source[39m [90m{}[39m
[38;5;103m[3e5fe973][0m[38;5;-178m[AndroidUiautomator2Driver@c61e][0m Driver proxy active, passing request on via HTTP proxy
[38;5;103m[3e5fe973][0m[38;5;-178m[AndroidUiautomator2Driver@c61e][0m Replacing sessionId 612ffecd-10ed-4692-9694-46eaf4b9cc58 with 3e5fe973-d76f-4340-96dc-5a3a1396c0e0
[38;5;103m[3e5fe973][0m[38;5;86m[HTTP][0m [37m<-- GET /wd/hub/session/3e5fe973-d76f-4340-96dc-5a3a1396c0e0/source [39m[32m200[39m [90m42 ms - 7237[39m [90m[39m
[38;5;103m[3e5fe973][0m[38;5;86m[HTTP][0m [37m-->[39m [37mGET[39m [37m/wd/hub/session/3e5fe973-d76f-4340-96dc-5a3a1396c0e0/screenshot[39m [90m{}[39m
[38;5;103m[3e5fe973][0m[38;5;86m[HTTP][0m [37m<-- GET /wd/hub/session/3e5fe973-d76f-4340-96dc-5a3a1396c0e0/screenshot [39m[32m200[39m [90m406 ms - 69972[39m [90m[39m
[38;5;103m[3e5fe973][0m[38;5;86m[HTTP][0m [37m-->[39m [37mDELETE[39m [37m/wd/hub/session/3e5fe973-d76f-4340-96dc-5a3a1396c0e0[39m [90m{}[39m
[38;5;103m[3e5fe973][0m[38;5;209m[AppiumDriver@fe73][0m Removing session 3e5fe973-d76f-4340-96dc-5a3a1396c0e0 from our master session list
[38;5;103m[3e5fe973][0m[38;5;-178m[AndroidUiautomator2Driver@c61e][0m Restoring hidden api policy to the device default configuration
[38;5;103m[3e5fe973][0m[38;5;86m[HTTP][0m [37m<-- DELETE /wd/hub/session/3e5fe973-d76f-4340-96dc-5a3a1396c0e0 [39m[32m200[39m [90m636 ms - 14[39m [90m[39m
